{"/mnt/c/Users/gina/codefellows/401/data-structures-and-algorithms/challenges/challenge-05-linked-list/challenge-05-linked-list.js": {"path":"/mnt/c/Users/gina/codefellows/401/data-structures-and-algorithms/challenges/challenge-05-linked-list/challenge-05-linked-list.js","statementMap":{"0":{"start":{"line":5,"column":4},"end":{"line":5,"column":23}},"1":{"start":{"line":6,"column":4},"end":{"line":6,"column":21}},"2":{"start":{"line":12,"column":4},"end":{"line":12,"column":21}},"3":{"start":{"line":16,"column":18},"end":{"line":16,"column":33}},"4":{"start":{"line":17,"column":4},"end":{"line":22,"column":5}},"5":{"start":{"line":18,"column":6},"end":{"line":18,"column":26}},"6":{"start":{"line":20,"column":6},"end":{"line":20,"column":31}},"7":{"start":{"line":21,"column":6},"end":{"line":21,"column":26}},"8":{"start":{"line":26,"column":4},"end":{"line":28,"column":5}},"9":{"start":{"line":27,"column":6},"end":{"line":27,"column":13}},"10":{"start":{"line":29,"column":4},"end":{"line":32,"column":5}},"11":{"start":{"line":30,"column":6},"end":{"line":30,"column":33}},"12":{"start":{"line":31,"column":6},"end":{"line":31,"column":13}},"13":{"start":{"line":34,"column":19},"end":{"line":34,"column":23}},"14":{"start":{"line":35,"column":18},"end":{"line":35,"column":27}},"15":{"start":{"line":37,"column":4},"end":{"line":40,"column":5}},"16":{"start":{"line":38,"column":6},"end":{"line":38,"column":25}},"17":{"start":{"line":39,"column":6},"end":{"line":39,"column":29}},"18":{"start":{"line":41,"column":4},"end":{"line":41,"column":33}},"19":{"start":{"line":45,"column":18},"end":{"line":45,"column":27}},"20":{"start":{"line":46,"column":4},"end":{"line":51,"column":5}},"21":{"start":{"line":47,"column":6},"end":{"line":49,"column":7}},"22":{"start":{"line":48,"column":8},"end":{"line":48,"column":20}},"23":{"start":{"line":50,"column":6},"end":{"line":50,"column":29}},"24":{"start":{"line":52,"column":4},"end":{"line":52,"column":17}},"25":{"start":{"line":56,"column":18},"end":{"line":56,"column":27}},"26":{"start":{"line":57,"column":19},"end":{"line":57,"column":21}},"27":{"start":{"line":58,"column":4},"end":{"line":61,"column":5}},"28":{"start":{"line":59,"column":6},"end":{"line":59,"column":50}},"29":{"start":{"line":60,"column":6},"end":{"line":60,"column":30}},"30":{"start":{"line":62,"column":4},"end":{"line":62,"column":20}},"31":{"start":{"line":68,"column":18},"end":{"line":68,"column":33}},"32":{"start":{"line":70,"column":4},"end":{"line":79,"column":5}},"33":{"start":{"line":71,"column":6},"end":{"line":71,"column":26}},"34":{"start":{"line":72,"column":6},"end":{"line":72,"column":23}},"35":{"start":{"line":74,"column":20},"end":{"line":74,"column":29}},"36":{"start":{"line":75,"column":6},"end":{"line":77,"column":7}},"37":{"start":{"line":76,"column":8},"end":{"line":76,"column":31}},"38":{"start":{"line":78,"column":6},"end":{"line":78,"column":29}},"39":{"start":{"line":80,"column":4},"end":{"line":80,"column":21}},"40":{"start":{"line":84,"column":18},"end":{"line":84,"column":34}},"41":{"start":{"line":85,"column":18},"end":{"line":85,"column":27}},"42":{"start":{"line":87,"column":4},"end":{"line":105,"column":5}},"43":{"start":{"line":88,"column":6},"end":{"line":88,"column":26}},"44":{"start":{"line":89,"column":6},"end":{"line":89,"column":23}},"45":{"start":{"line":91,"column":6},"end":{"line":94,"column":7}},"46":{"start":{"line":92,"column":8},"end":{"line":92,"column":33}},"47":{"start":{"line":93,"column":8},"end":{"line":93,"column":28}},"48":{"start":{"line":95,"column":6},"end":{"line":104,"column":7}},"49":{"start":{"line":96,"column":8},"end":{"line":102,"column":9}},"50":{"start":{"line":97,"column":10},"end":{"line":97,"column":40}},"51":{"start":{"line":98,"column":15},"end":{"line":102,"column":9}},"52":{"start":{"line":99,"column":10},"end":{"line":99,"column":38}},"53":{"start":{"line":100,"column":10},"end":{"line":100,"column":33}},"54":{"start":{"line":101,"column":10},"end":{"line":101,"column":17}},"55":{"start":{"line":103,"column":8},"end":{"line":103,"column":31}},"56":{"start":{"line":109,"column":18},"end":{"line":109,"column":34}},"57":{"start":{"line":110,"column":18},"end":{"line":110,"column":27}},"58":{"start":{"line":112,"column":4},"end":{"line":115,"column":5}},"59":{"start":{"line":113,"column":6},"end":{"line":113,"column":26}},"60":{"start":{"line":114,"column":6},"end":{"line":114,"column":23}},"61":{"start":{"line":117,"column":4},"end":{"line":124,"column":5}},"62":{"start":{"line":118,"column":6},"end":{"line":122,"column":7}},"63":{"start":{"line":119,"column":8},"end":{"line":119,"column":36}},"64":{"start":{"line":120,"column":8},"end":{"line":120,"column":31}},"65":{"start":{"line":121,"column":8},"end":{"line":121,"column":15}},"66":{"start":{"line":123,"column":6},"end":{"line":123,"column":29}},"67":{"start":{"line":129,"column":18},"end":{"line":129,"column":27}},"68":{"start":{"line":130,"column":20},"end":{"line":130,"column":29}},"69":{"start":{"line":131,"column":16},"end":{"line":131,"column":17}},"70":{"start":{"line":133,"column":4},"end":{"line":135,"column":5}},"71":{"start":{"line":134,"column":6},"end":{"line":134,"column":21}},"72":{"start":{"line":137,"column":4},"end":{"line":139,"column":5}},"73":{"start":{"line":138,"column":6},"end":{"line":138,"column":38}},"74":{"start":{"line":141,"column":4},"end":{"line":159,"column":5}},"75":{"start":{"line":142,"column":6},"end":{"line":148,"column":7}},"76":{"start":{"line":143,"column":8},"end":{"line":145,"column":9}},"77":{"start":{"line":144,"column":10},"end":{"line":144,"column":39}},"78":{"start":{"line":146,"column":8},"end":{"line":146,"column":35}},"79":{"start":{"line":147,"column":8},"end":{"line":147,"column":17}},"80":{"start":{"line":150,"column":6},"end":{"line":153,"column":7}},"81":{"start":{"line":151,"column":8},"end":{"line":151,"column":31}},"82":{"start":{"line":152,"column":8},"end":{"line":152,"column":35}},"83":{"start":{"line":154,"column":6},"end":{"line":154,"column":27}},"84":{"start":{"line":164,"column":0},"end":{"line":164,"column":28}}},"fnMap":{"0":{"name":"(anonymous_0)","decl":{"start":{"line":4,"column":2},"end":{"line":4,"column":3}},"loc":{"start":{"line":4,"column":21},"end":{"line":7,"column":3}},"line":4},"1":{"name":"(anonymous_1)","decl":{"start":{"line":11,"column":2},"end":{"line":11,"column":3}},"loc":{"start":{"line":11,"column":16},"end":{"line":13,"column":3}},"line":11},"2":{"name":"(anonymous_2)","decl":{"start":{"line":15,"column":2},"end":{"line":15,"column":3}},"loc":{"start":{"line":15,"column":16},"end":{"line":23,"column":3}},"line":15},"3":{"name":"(anonymous_3)","decl":{"start":{"line":25,"column":2},"end":{"line":25,"column":3}},"loc":{"start":{"line":25,"column":16},"end":{"line":42,"column":3}},"line":25},"4":{"name":"(anonymous_4)","decl":{"start":{"line":44,"column":2},"end":{"line":44,"column":3}},"loc":{"start":{"line":44,"column":18},"end":{"line":53,"column":3}},"line":44},"5":{"name":"(anonymous_5)","decl":{"start":{"line":55,"column":2},"end":{"line":55,"column":3}},"loc":{"start":{"line":55,"column":13},"end":{"line":63,"column":3}},"line":55},"6":{"name":"(anonymous_6)","decl":{"start":{"line":67,"column":2},"end":{"line":67,"column":3}},"loc":{"start":{"line":67,"column":16},"end":{"line":81,"column":3}},"line":67},"7":{"name":"(anonymous_7)","decl":{"start":{"line":83,"column":2},"end":{"line":83,"column":3}},"loc":{"start":{"line":83,"column":30},"end":{"line":106,"column":3}},"line":83},"8":{"name":"(anonymous_8)","decl":{"start":{"line":108,"column":2},"end":{"line":108,"column":3}},"loc":{"start":{"line":108,"column":29},"end":{"line":125,"column":3}},"line":108},"9":{"name":"(anonymous_9)","decl":{"start":{"line":128,"column":2},"end":{"line":128,"column":3}},"loc":{"start":{"line":128,"column":16},"end":{"line":160,"column":3}},"line":128}},"branchMap":{"0":{"loc":{"start":{"line":17,"column":4},"end":{"line":22,"column":5}},"type":"if","locations":[{"start":{"line":17,"column":4},"end":{"line":22,"column":5}},{"start":{"line":17,"column":4},"end":{"line":22,"column":5}}],"line":17},"1":{"loc":{"start":{"line":26,"column":4},"end":{"line":28,"column":5}},"type":"if","locations":[{"start":{"line":26,"column":4},"end":{"line":28,"column":5}},{"start":{"line":26,"column":4},"end":{"line":28,"column":5}}],"line":26},"2":{"loc":{"start":{"line":29,"column":4},"end":{"line":32,"column":5}},"type":"if","locations":[{"start":{"line":29,"column":4},"end":{"line":32,"column":5}},{"start":{"line":29,"column":4},"end":{"line":32,"column":5}}],"line":29},"3":{"loc":{"start":{"line":47,"column":6},"end":{"line":49,"column":7}},"type":"if","locations":[{"start":{"line":47,"column":6},"end":{"line":49,"column":7}},{"start":{"line":47,"column":6},"end":{"line":49,"column":7}}],"line":47},"4":{"loc":{"start":{"line":70,"column":4},"end":{"line":79,"column":5}},"type":"if","locations":[{"start":{"line":70,"column":4},"end":{"line":79,"column":5}},{"start":{"line":70,"column":4},"end":{"line":79,"column":5}}],"line":70},"5":{"loc":{"start":{"line":87,"column":4},"end":{"line":105,"column":5}},"type":"if","locations":[{"start":{"line":87,"column":4},"end":{"line":105,"column":5}},{"start":{"line":87,"column":4},"end":{"line":105,"column":5}}],"line":87},"6":{"loc":{"start":{"line":91,"column":6},"end":{"line":94,"column":7}},"type":"if","locations":[{"start":{"line":91,"column":6},"end":{"line":94,"column":7}},{"start":{"line":91,"column":6},"end":{"line":94,"column":7}}],"line":91},"7":{"loc":{"start":{"line":96,"column":8},"end":{"line":102,"column":9}},"type":"if","locations":[{"start":{"line":96,"column":8},"end":{"line":102,"column":9}},{"start":{"line":96,"column":8},"end":{"line":102,"column":9}}],"line":96},"8":{"loc":{"start":{"line":98,"column":15},"end":{"line":102,"column":9}},"type":"if","locations":[{"start":{"line":98,"column":15},"end":{"line":102,"column":9}},{"start":{"line":98,"column":15},"end":{"line":102,"column":9}}],"line":98},"9":{"loc":{"start":{"line":112,"column":4},"end":{"line":115,"column":5}},"type":"if","locations":[{"start":{"line":112,"column":4},"end":{"line":115,"column":5}},{"start":{"line":112,"column":4},"end":{"line":115,"column":5}}],"line":112},"10":{"loc":{"start":{"line":118,"column":6},"end":{"line":122,"column":7}},"type":"if","locations":[{"start":{"line":118,"column":6},"end":{"line":122,"column":7}},{"start":{"line":118,"column":6},"end":{"line":122,"column":7}}],"line":118},"11":{"loc":{"start":{"line":133,"column":4},"end":{"line":135,"column":5}},"type":"if","locations":[{"start":{"line":133,"column":4},"end":{"line":135,"column":5}},{"start":{"line":133,"column":4},"end":{"line":135,"column":5}}],"line":133},"12":{"loc":{"start":{"line":137,"column":4},"end":{"line":139,"column":5}},"type":"if","locations":[{"start":{"line":137,"column":4},"end":{"line":139,"column":5}},{"start":{"line":137,"column":4},"end":{"line":139,"column":5}}],"line":137},"13":{"loc":{"start":{"line":141,"column":4},"end":{"line":159,"column":5}},"type":"if","locations":[{"start":{"line":141,"column":4},"end":{"line":159,"column":5}},{"start":{"line":141,"column":4},"end":{"line":159,"column":5}}],"line":141},"14":{"loc":{"start":{"line":143,"column":8},"end":{"line":145,"column":9}},"type":"if","locations":[{"start":{"line":143,"column":8},"end":{"line":145,"column":9}},{"start":{"line":143,"column":8},"end":{"line":145,"column":9}}],"line":143}},"s":{"0":34,"1":34,"2":12,"3":29,"4":29,"5":11,"6":18,"7":18,"8":0,"9":0,"10":0,"11":0,"12":0,"13":0,"14":0,"15":0,"16":0,"17":0,"18":0,"19":2,"20":2,"21":5,"22":1,"23":4,"24":1,"25":5,"26":5,"27":5,"28":19,"29":19,"30":5,"31":3,"32":3,"33":0,"34":0,"35":3,"36":3,"37":6,"38":3,"39":3,"40":1,"41":1,"42":1,"43":0,"44":0,"45":1,"46":0,"47":0,"48":1,"49":1,"50":0,"51":1,"52":1,"53":1,"54":1,"55":0,"56":1,"57":1,"58":1,"59":0,"60":0,"61":1,"62":2,"63":1,"64":1,"65":1,"66":1,"67":4,"68":4,"69":4,"70":4,"71":1,"72":3,"73":1,"74":2,"75":2,"76":10,"77":1,"78":9,"79":9,"80":1,"81":3,"82":3,"83":1,"84":2},"f":{"0":34,"1":12,"2":29,"3":0,"4":2,"5":5,"6":3,"7":1,"8":1,"9":4},"b":{"0":[11,18],"1":[0,0],"2":[0,0],"3":[1,4],"4":[0,3],"5":[0,1],"6":[0,1],"7":[0,1],"8":[1,0],"9":[0,1],"10":[1,1],"11":[1,3],"12":[1,2],"13":[2,0],"14":[1,9]},"_coverageSchema":"43e27e138ebf9cfc5966b082cf9a028302ed4184","hash":"4f3365e228a9e1d95920193dbdaa24df80f491f2"}
,"/mnt/c/Users/gina/codefellows/401/data-structures-and-algorithms/challenges/challenge-07-tic-tac-toe/challenge-07-tic-tac-toe.js": {"path":"/mnt/c/Users/gina/codefellows/401/data-structures-and-algorithms/challenges/challenge-07-tic-tac-toe/challenge-07-tic-tac-toe.js","statementMap":{"0":{"start":{"line":3,"column":16},"end":{"line":67,"column":1}},"1":{"start":{"line":6,"column":2},"end":{"line":8,"column":3}},"2":{"start":{"line":7,"column":4},"end":{"line":7,"column":15}},"3":{"start":{"line":9,"column":2},"end":{"line":11,"column":3}},"4":{"start":{"line":10,"column":4},"end":{"line":10,"column":15}},"5":{"start":{"line":13,"column":2},"end":{"line":15,"column":3}},"6":{"start":{"line":14,"column":4},"end":{"line":14,"column":15}},"7":{"start":{"line":16,"column":2},"end":{"line":18,"column":3}},"8":{"start":{"line":17,"column":4},"end":{"line":17,"column":15}},"9":{"start":{"line":20,"column":2},"end":{"line":22,"column":3}},"10":{"start":{"line":21,"column":4},"end":{"line":21,"column":15}},"11":{"start":{"line":23,"column":2},"end":{"line":25,"column":3}},"12":{"start":{"line":24,"column":4},"end":{"line":24,"column":15}},"13":{"start":{"line":28,"column":2},"end":{"line":30,"column":3}},"14":{"start":{"line":29,"column":4},"end":{"line":29,"column":15}},"15":{"start":{"line":31,"column":2},"end":{"line":33,"column":3}},"16":{"start":{"line":32,"column":4},"end":{"line":32,"column":15}},"17":{"start":{"line":35,"column":2},"end":{"line":37,"column":3}},"18":{"start":{"line":36,"column":4},"end":{"line":36,"column":15}},"19":{"start":{"line":38,"column":2},"end":{"line":40,"column":3}},"20":{"start":{"line":39,"column":4},"end":{"line":39,"column":15}},"21":{"start":{"line":42,"column":2},"end":{"line":44,"column":3}},"22":{"start":{"line":43,"column":4},"end":{"line":43,"column":15}},"23":{"start":{"line":45,"column":2},"end":{"line":47,"column":3}},"24":{"start":{"line":46,"column":4},"end":{"line":46,"column":15}},"25":{"start":{"line":51,"column":2},"end":{"line":53,"column":3}},"26":{"start":{"line":52,"column":4},"end":{"line":52,"column":15}},"27":{"start":{"line":54,"column":2},"end":{"line":56,"column":3}},"28":{"start":{"line":55,"column":4},"end":{"line":55,"column":15}},"29":{"start":{"line":58,"column":2},"end":{"line":60,"column":3}},"30":{"start":{"line":59,"column":4},"end":{"line":59,"column":15}},"31":{"start":{"line":61,"column":2},"end":{"line":65,"column":3}},"32":{"start":{"line":62,"column":4},"end":{"line":62,"column":15}},"33":{"start":{"line":64,"column":4},"end":{"line":64,"column":17}},"34":{"start":{"line":69,"column":0},"end":{"line":69,"column":25}}},"fnMap":{"0":{"name":"(anonymous_0)","decl":{"start":{"line":3,"column":16},"end":{"line":3,"column":17}},"loc":{"start":{"line":3,"column":28},"end":{"line":67,"column":1}},"line":3}},"branchMap":{"0":{"loc":{"start":{"line":6,"column":2},"end":{"line":8,"column":3}},"type":"if","locations":[{"start":{"line":6,"column":2},"end":{"line":8,"column":3}},{"start":{"line":6,"column":2},"end":{"line":8,"column":3}}],"line":6},"1":{"loc":{"start":{"line":6,"column":6},"end":{"line":6,"column":74}},"type":"binary-expr","locations":[{"start":{"line":6,"column":6},"end":{"line":6,"column":26}},{"start":{"line":6,"column":30},"end":{"line":6,"column":50}},{"start":{"line":6,"column":54},"end":{"line":6,"column":74}}],"line":6},"2":{"loc":{"start":{"line":9,"column":2},"end":{"line":11,"column":3}},"type":"if","locations":[{"start":{"line":9,"column":2},"end":{"line":11,"column":3}},{"start":{"line":9,"column":2},"end":{"line":11,"column":3}}],"line":9},"3":{"loc":{"start":{"line":9,"column":6},"end":{"line":9,"column":74}},"type":"binary-expr","locations":[{"start":{"line":9,"column":6},"end":{"line":9,"column":26}},{"start":{"line":9,"column":30},"end":{"line":9,"column":50}},{"start":{"line":9,"column":54},"end":{"line":9,"column":74}}],"line":9},"4":{"loc":{"start":{"line":13,"column":2},"end":{"line":15,"column":3}},"type":"if","locations":[{"start":{"line":13,"column":2},"end":{"line":15,"column":3}},{"start":{"line":13,"column":2},"end":{"line":15,"column":3}}],"line":13},"5":{"loc":{"start":{"line":13,"column":6},"end":{"line":13,"column":74}},"type":"binary-expr","locations":[{"start":{"line":13,"column":6},"end":{"line":13,"column":26}},{"start":{"line":13,"column":30},"end":{"line":13,"column":50}},{"start":{"line":13,"column":54},"end":{"line":13,"column":74}}],"line":13},"6":{"loc":{"start":{"line":16,"column":2},"end":{"line":18,"column":3}},"type":"if","locations":[{"start":{"line":16,"column":2},"end":{"line":18,"column":3}},{"start":{"line":16,"column":2},"end":{"line":18,"column":3}}],"line":16},"7":{"loc":{"start":{"line":16,"column":6},"end":{"line":16,"column":74}},"type":"binary-expr","locations":[{"start":{"line":16,"column":6},"end":{"line":16,"column":26}},{"start":{"line":16,"column":30},"end":{"line":16,"column":50}},{"start":{"line":16,"column":54},"end":{"line":16,"column":74}}],"line":16},"8":{"loc":{"start":{"line":20,"column":2},"end":{"line":22,"column":3}},"type":"if","locations":[{"start":{"line":20,"column":2},"end":{"line":22,"column":3}},{"start":{"line":20,"column":2},"end":{"line":22,"column":3}}],"line":20},"9":{"loc":{"start":{"line":20,"column":6},"end":{"line":20,"column":74}},"type":"binary-expr","locations":[{"start":{"line":20,"column":6},"end":{"line":20,"column":26}},{"start":{"line":20,"column":30},"end":{"line":20,"column":50}},{"start":{"line":20,"column":54},"end":{"line":20,"column":74}}],"line":20},"10":{"loc":{"start":{"line":23,"column":2},"end":{"line":25,"column":3}},"type":"if","locations":[{"start":{"line":23,"column":2},"end":{"line":25,"column":3}},{"start":{"line":23,"column":2},"end":{"line":25,"column":3}}],"line":23},"11":{"loc":{"start":{"line":23,"column":6},"end":{"line":23,"column":74}},"type":"binary-expr","locations":[{"start":{"line":23,"column":6},"end":{"line":23,"column":26}},{"start":{"line":23,"column":30},"end":{"line":23,"column":50}},{"start":{"line":23,"column":54},"end":{"line":23,"column":74}}],"line":23},"12":{"loc":{"start":{"line":28,"column":2},"end":{"line":30,"column":3}},"type":"if","locations":[{"start":{"line":28,"column":2},"end":{"line":30,"column":3}},{"start":{"line":28,"column":2},"end":{"line":30,"column":3}}],"line":28},"13":{"loc":{"start":{"line":28,"column":6},"end":{"line":28,"column":74}},"type":"binary-expr","locations":[{"start":{"line":28,"column":6},"end":{"line":28,"column":26}},{"start":{"line":28,"column":30},"end":{"line":28,"column":50}},{"start":{"line":28,"column":54},"end":{"line":28,"column":74}}],"line":28},"14":{"loc":{"start":{"line":31,"column":2},"end":{"line":33,"column":3}},"type":"if","locations":[{"start":{"line":31,"column":2},"end":{"line":33,"column":3}},{"start":{"line":31,"column":2},"end":{"line":33,"column":3}}],"line":31},"15":{"loc":{"start":{"line":31,"column":6},"end":{"line":31,"column":74}},"type":"binary-expr","locations":[{"start":{"line":31,"column":6},"end":{"line":31,"column":26}},{"start":{"line":31,"column":30},"end":{"line":31,"column":50}},{"start":{"line":31,"column":54},"end":{"line":31,"column":74}}],"line":31},"16":{"loc":{"start":{"line":35,"column":2},"end":{"line":37,"column":3}},"type":"if","locations":[{"start":{"line":35,"column":2},"end":{"line":37,"column":3}},{"start":{"line":35,"column":2},"end":{"line":37,"column":3}}],"line":35},"17":{"loc":{"start":{"line":35,"column":6},"end":{"line":35,"column":74}},"type":"binary-expr","locations":[{"start":{"line":35,"column":6},"end":{"line":35,"column":26}},{"start":{"line":35,"column":30},"end":{"line":35,"column":50}},{"start":{"line":35,"column":54},"end":{"line":35,"column":74}}],"line":35},"18":{"loc":{"start":{"line":38,"column":2},"end":{"line":40,"column":3}},"type":"if","locations":[{"start":{"line":38,"column":2},"end":{"line":40,"column":3}},{"start":{"line":38,"column":2},"end":{"line":40,"column":3}}],"line":38},"19":{"loc":{"start":{"line":38,"column":6},"end":{"line":38,"column":74}},"type":"binary-expr","locations":[{"start":{"line":38,"column":6},"end":{"line":38,"column":26}},{"start":{"line":38,"column":30},"end":{"line":38,"column":50}},{"start":{"line":38,"column":54},"end":{"line":38,"column":74}}],"line":38},"20":{"loc":{"start":{"line":42,"column":2},"end":{"line":44,"column":3}},"type":"if","locations":[{"start":{"line":42,"column":2},"end":{"line":44,"column":3}},{"start":{"line":42,"column":2},"end":{"line":44,"column":3}}],"line":42},"21":{"loc":{"start":{"line":42,"column":6},"end":{"line":42,"column":74}},"type":"binary-expr","locations":[{"start":{"line":42,"column":6},"end":{"line":42,"column":26}},{"start":{"line":42,"column":30},"end":{"line":42,"column":50}},{"start":{"line":42,"column":54},"end":{"line":42,"column":74}}],"line":42},"22":{"loc":{"start":{"line":45,"column":2},"end":{"line":47,"column":3}},"type":"if","locations":[{"start":{"line":45,"column":2},"end":{"line":47,"column":3}},{"start":{"line":45,"column":2},"end":{"line":47,"column":3}}],"line":45},"23":{"loc":{"start":{"line":45,"column":6},"end":{"line":45,"column":74}},"type":"binary-expr","locations":[{"start":{"line":45,"column":6},"end":{"line":45,"column":26}},{"start":{"line":45,"column":30},"end":{"line":45,"column":50}},{"start":{"line":45,"column":54},"end":{"line":45,"column":74}}],"line":45},"24":{"loc":{"start":{"line":51,"column":2},"end":{"line":53,"column":3}},"type":"if","locations":[{"start":{"line":51,"column":2},"end":{"line":53,"column":3}},{"start":{"line":51,"column":2},"end":{"line":53,"column":3}}],"line":51},"25":{"loc":{"start":{"line":51,"column":6},"end":{"line":51,"column":74}},"type":"binary-expr","locations":[{"start":{"line":51,"column":6},"end":{"line":51,"column":26}},{"start":{"line":51,"column":30},"end":{"line":51,"column":50}},{"start":{"line":51,"column":54},"end":{"line":51,"column":74}}],"line":51},"26":{"loc":{"start":{"line":54,"column":2},"end":{"line":56,"column":3}},"type":"if","locations":[{"start":{"line":54,"column":2},"end":{"line":56,"column":3}},{"start":{"line":54,"column":2},"end":{"line":56,"column":3}}],"line":54},"27":{"loc":{"start":{"line":54,"column":6},"end":{"line":54,"column":74}},"type":"binary-expr","locations":[{"start":{"line":54,"column":6},"end":{"line":54,"column":26}},{"start":{"line":54,"column":30},"end":{"line":54,"column":50}},{"start":{"line":54,"column":54},"end":{"line":54,"column":74}}],"line":54},"28":{"loc":{"start":{"line":58,"column":2},"end":{"line":60,"column":3}},"type":"if","locations":[{"start":{"line":58,"column":2},"end":{"line":60,"column":3}},{"start":{"line":58,"column":2},"end":{"line":60,"column":3}}],"line":58},"29":{"loc":{"start":{"line":58,"column":6},"end":{"line":58,"column":74}},"type":"binary-expr","locations":[{"start":{"line":58,"column":6},"end":{"line":58,"column":26}},{"start":{"line":58,"column":30},"end":{"line":58,"column":50}},{"start":{"line":58,"column":54},"end":{"line":58,"column":74}}],"line":58},"30":{"loc":{"start":{"line":61,"column":2},"end":{"line":65,"column":3}},"type":"if","locations":[{"start":{"line":61,"column":2},"end":{"line":65,"column":3}},{"start":{"line":61,"column":2},"end":{"line":65,"column":3}}],"line":61},"31":{"loc":{"start":{"line":61,"column":6},"end":{"line":61,"column":74}},"type":"binary-expr","locations":[{"start":{"line":61,"column":6},"end":{"line":61,"column":26}},{"start":{"line":61,"column":30},"end":{"line":61,"column":50}},{"start":{"line":61,"column":54},"end":{"line":61,"column":74}}],"line":61}},"s":{"0":1,"1":3,"2":0,"3":3,"4":1,"5":2,"6":0,"7":2,"8":0,"9":2,"10":0,"11":2,"12":0,"13":2,"14":1,"15":1,"16":0,"17":1,"18":0,"19":1,"20":0,"21":1,"22":0,"23":1,"24":0,"25":1,"26":0,"27":1,"28":0,"29":1,"30":0,"31":1,"32":0,"33":1,"34":1},"f":{"0":3},"b":{"0":[0,3],"1":[3,2,0],"2":[1,2],"3":[3,1,1],"4":[0,2],"5":[2,1,1],"6":[0,2],"7":[2,1,0],"8":[0,2],"9":[2,1,0],"10":[0,2],"11":[2,1,0],"12":[1,1],"13":[2,2,1],"14":[0,1],"15":[1,0,0],"16":[0,1],"17":[1,0,0],"18":[0,1],"19":[1,1,0],"20":[0,1],"21":[1,1,0],"22":[0,1],"23":[1,0,0],"24":[0,1],"25":[1,1,1],"26":[0,1],"27":[1,0,0],"28":[0,1],"29":[1,1,1],"30":[0,1],"31":[1,0,0]},"_coverageSchema":"43e27e138ebf9cfc5966b082cf9a028302ed4184","hash":"f22304b8768d63dde1e4b770cca1039931a78fd9"}
,"/mnt/c/Users/gina/codefellows/401/data-structures-and-algorithms/challenges/challenge-10-stacks-and-queues/challenge-10-stacks-and-queues.js": {"path":"/mnt/c/Users/gina/codefellows/401/data-structures-and-algorithms/challenges/challenge-10-stacks-and-queues/challenge-10-stacks-and-queues.js","statementMap":{"0":{"start":{"line":5,"column":4},"end":{"line":5,"column":23}},"1":{"start":{"line":6,"column":4},"end":{"line":6,"column":21}},"2":{"start":{"line":12,"column":4},"end":{"line":12,"column":20}},"3":{"start":{"line":16,"column":18},"end":{"line":16,"column":33}},"4":{"start":{"line":17,"column":4},"end":{"line":23,"column":5}},"5":{"start":{"line":18,"column":6},"end":{"line":18,"column":30}},"6":{"start":{"line":19,"column":6},"end":{"line":19,"column":25}},"7":{"start":{"line":22,"column":6},"end":{"line":22,"column":25}},"8":{"start":{"line":24,"column":4},"end":{"line":24,"column":19}},"9":{"start":{"line":28,"column":4},"end":{"line":35,"column":5}},"10":{"start":{"line":29,"column":19},"end":{"line":29,"column":33}},"11":{"start":{"line":30,"column":6},"end":{"line":30,"column":31}},"12":{"start":{"line":31,"column":6},"end":{"line":31,"column":20}},"13":{"start":{"line":34,"column":6},"end":{"line":34,"column":38}},"14":{"start":{"line":39,"column":4},"end":{"line":44,"column":5}},"15":{"start":{"line":40,"column":20},"end":{"line":40,"column":34}},"16":{"start":{"line":41,"column":6},"end":{"line":41,"column":21}},"17":{"start":{"line":43,"column":6},"end":{"line":43,"column":33}},"18":{"start":{"line":50,"column":4},"end":{"line":50,"column":22}},"19":{"start":{"line":51,"column":4},"end":{"line":51,"column":21}},"20":{"start":{"line":55,"column":18},"end":{"line":55,"column":33}},"21":{"start":{"line":56,"column":4},"end":{"line":63,"column":5}},"22":{"start":{"line":57,"column":6},"end":{"line":57,"column":31}},"23":{"start":{"line":58,"column":6},"end":{"line":58,"column":26}},"24":{"start":{"line":61,"column":6},"end":{"line":61,"column":26}},"25":{"start":{"line":62,"column":6},"end":{"line":62,"column":27}},"26":{"start":{"line":67,"column":22},"end":{"line":67,"column":38}},"27":{"start":{"line":68,"column":4},"end":{"line":73,"column":5}},"28":{"start":{"line":69,"column":6},"end":{"line":69,"column":35}},"29":{"start":{"line":70,"column":6},"end":{"line":70,"column":25}},"30":{"start":{"line":72,"column":6},"end":{"line":72,"column":39}},"31":{"start":{"line":77,"column":4},"end":{"line":82,"column":5}},"32":{"start":{"line":78,"column":22},"end":{"line":78,"column":38}},"33":{"start":{"line":79,"column":6},"end":{"line":79,"column":23}},"34":{"start":{"line":81,"column":6},"end":{"line":81,"column":35}},"35":{"start":{"line":86,"column":0},"end":{"line":86,"column":40}}},"fnMap":{"0":{"name":"(anonymous_0)","decl":{"start":{"line":4,"column":2},"end":{"line":4,"column":3}},"loc":{"start":{"line":4,"column":21},"end":{"line":7,"column":3}},"line":4},"1":{"name":"(anonymous_1)","decl":{"start":{"line":11,"column":2},"end":{"line":11,"column":3}},"loc":{"start":{"line":11,"column":16},"end":{"line":13,"column":3}},"line":11},"2":{"name":"(anonymous_2)","decl":{"start":{"line":15,"column":2},"end":{"line":15,"column":3}},"loc":{"start":{"line":15,"column":14},"end":{"line":25,"column":3}},"line":15},"3":{"name":"(anonymous_3)","decl":{"start":{"line":27,"column":2},"end":{"line":27,"column":3}},"loc":{"start":{"line":27,"column":8},"end":{"line":36,"column":3}},"line":27},"4":{"name":"(anonymous_4)","decl":{"start":{"line":38,"column":2},"end":{"line":38,"column":3}},"loc":{"start":{"line":38,"column":12},"end":{"line":45,"column":3}},"line":38},"5":{"name":"(anonymous_5)","decl":{"start":{"line":49,"column":2},"end":{"line":49,"column":3}},"loc":{"start":{"line":49,"column":16},"end":{"line":52,"column":3}},"line":49},"6":{"name":"(anonymous_6)","decl":{"start":{"line":54,"column":2},"end":{"line":54,"column":3}},"loc":{"start":{"line":54,"column":17},"end":{"line":64,"column":3}},"line":54},"7":{"name":"(anonymous_7)","decl":{"start":{"line":66,"column":2},"end":{"line":66,"column":3}},"loc":{"start":{"line":66,"column":12},"end":{"line":74,"column":3}},"line":66},"8":{"name":"(anonymous_8)","decl":{"start":{"line":76,"column":2},"end":{"line":76,"column":3}},"loc":{"start":{"line":76,"column":14},"end":{"line":83,"column":3}},"line":76}},"branchMap":{"0":{"loc":{"start":{"line":17,"column":4},"end":{"line":23,"column":5}},"type":"if","locations":[{"start":{"line":17,"column":4},"end":{"line":23,"column":5}},{"start":{"line":17,"column":4},"end":{"line":23,"column":5}}],"line":17},"1":{"loc":{"start":{"line":28,"column":4},"end":{"line":35,"column":5}},"type":"if","locations":[{"start":{"line":28,"column":4},"end":{"line":35,"column":5}},{"start":{"line":28,"column":4},"end":{"line":35,"column":5}}],"line":28},"2":{"loc":{"start":{"line":39,"column":4},"end":{"line":44,"column":5}},"type":"if","locations":[{"start":{"line":39,"column":4},"end":{"line":44,"column":5}},{"start":{"line":39,"column":4},"end":{"line":44,"column":5}}],"line":39},"3":{"loc":{"start":{"line":56,"column":4},"end":{"line":63,"column":5}},"type":"if","locations":[{"start":{"line":56,"column":4},"end":{"line":63,"column":5}},{"start":{"line":56,"column":4},"end":{"line":63,"column":5}}],"line":56},"4":{"loc":{"start":{"line":68,"column":4},"end":{"line":73,"column":5}},"type":"if","locations":[{"start":{"line":68,"column":4},"end":{"line":73,"column":5}},{"start":{"line":68,"column":4},"end":{"line":73,"column":5}}],"line":68},"5":{"loc":{"start":{"line":77,"column":4},"end":{"line":82,"column":5}},"type":"if","locations":[{"start":{"line":77,"column":4},"end":{"line":82,"column":5}},{"start":{"line":77,"column":4},"end":{"line":82,"column":5}}],"line":77}},"s":{"0":41,"1":41,"2":10,"3":28,"4":28,"5":19,"6":19,"7":9,"8":28,"9":13,"10":13,"11":13,"12":13,"13":0,"14":5,"15":5,"16":5,"17":0,"18":6,"19":6,"20":13,"21":13,"22":8,"23":8,"24":5,"25":5,"26":4,"27":4,"28":4,"29":4,"30":0,"31":1,"32":1,"33":1,"34":0,"35":3},"f":{"0":41,"1":10,"2":28,"3":13,"4":5,"5":6,"6":13,"7":4,"8":1},"b":{"0":[19,9],"1":[13,0],"2":[5,0],"3":[8,5],"4":[4,0],"5":[1,0]},"_coverageSchema":"43e27e138ebf9cfc5966b082cf9a028302ed4184","hash":"d25b602690caeb09818ab0123a1c0b71d9890126"}
,"/mnt/c/Users/gina/codefellows/401/data-structures-and-algorithms/challenges/challenge-11-queue-with-stacks/challenge-11-queue-with-stacks.js": {"path":"/mnt/c/Users/gina/codefellows/401/data-structures-and-algorithms/challenges/challenge-11-queue-with-stacks/challenge-11-queue-with-stacks.js","statementMap":{"0":{"start":{"line":3,"column":13},"end":{"line":3,"column":93}},"1":{"start":{"line":4,"column":14},"end":{"line":4,"column":95}},"2":{"start":{"line":8,"column":4},"end":{"line":8,"column":30}},"3":{"start":{"line":9,"column":4},"end":{"line":9,"column":30}},"4":{"start":{"line":13,"column":4},"end":{"line":18,"column":5}},"5":{"start":{"line":14,"column":6},"end":{"line":14,"column":30}},"6":{"start":{"line":15,"column":6},"end":{"line":15,"column":29}},"7":{"start":{"line":17,"column":6},"end":{"line":17,"column":18}},"8":{"start":{"line":23,"column":4},"end":{"line":27,"column":5}},"9":{"start":{"line":24,"column":19},"end":{"line":24,"column":36}},"10":{"start":{"line":25,"column":6},"end":{"line":25,"column":31}},"11":{"start":{"line":26,"column":6},"end":{"line":26,"column":24}},"12":{"start":{"line":28,"column":4},"end":{"line":28,"column":23}},"13":{"start":{"line":32,"column":0},"end":{"line":32,"column":46}}},"fnMap":{"0":{"name":"(anonymous_0)","decl":{"start":{"line":7,"column":2},"end":{"line":7,"column":3}},"loc":{"start":{"line":7,"column":16},"end":{"line":10,"column":3}},"line":7},"1":{"name":"(anonymous_1)","decl":{"start":{"line":12,"column":2},"end":{"line":12,"column":3}},"loc":{"start":{"line":12,"column":17},"end":{"line":19,"column":3}},"line":12},"2":{"name":"(anonymous_2)","decl":{"start":{"line":21,"column":2},"end":{"line":21,"column":3}},"loc":{"start":{"line":21,"column":12},"end":{"line":29,"column":3}},"line":21}},"branchMap":{"0":{"loc":{"start":{"line":13,"column":4},"end":{"line":18,"column":5}},"type":"if","locations":[{"start":{"line":13,"column":4},"end":{"line":18,"column":5}},{"start":{"line":13,"column":4},"end":{"line":18,"column":5}}],"line":13}},"s":{"0":1,"1":1,"2":1,"3":1,"4":5,"5":5,"6":5,"7":0,"8":5,"9":5,"10":5,"11":5,"12":5,"13":1},"f":{"0":1,"1":5,"2":5},"b":{"0":[5,0]},"_coverageSchema":"43e27e138ebf9cfc5966b082cf9a028302ed4184","hash":"205ee3994bcd88b30b9464f3dbec60559742baad"}
,"/mnt/c/Users/gina/codefellows/401/data-structures-and-algorithms/challenges/challenge-13-multibracket-validation/challenge-13-multibracket-validation.js": {"path":"/mnt/c/Users/gina/codefellows/401/data-structures-and-algorithms/challenges/challenge-13-multibracket-validation/challenge-13-multibracket-validation.js","statementMap":{"0":{"start":{"line":3,"column":14},"end":{"line":3,"column":95}},"1":{"start":{"line":5,"column":31},"end":{"line":39,"column":1}},"2":{"start":{"line":6,"column":21},"end":{"line":6,"column":32}},"3":{"start":{"line":8,"column":2},"end":{"line":10,"column":3}},"4":{"start":{"line":9,"column":4},"end":{"line":9,"column":11}},"5":{"start":{"line":12,"column":2},"end":{"line":37,"column":1}},"6":{"start":{"line":12,"column":15},"end":{"line":12,"column":16}},"7":{"start":{"line":13,"column":15},"end":{"line":13,"column":24}},"8":{"start":{"line":14,"column":4},"end":{"line":16,"column":5}},"9":{"start":{"line":15,"column":6},"end":{"line":15,"column":30}},"10":{"start":{"line":17,"column":4},"end":{"line":33,"column":3}},"11":{"start":{"line":19,"column":6},"end":{"line":23,"column":5}},"12":{"start":{"line":20,"column":8},"end":{"line":20,"column":40}},"13":{"start":{"line":22,"column":8},"end":{"line":22,"column":21}},"14":{"start":{"line":24,"column":4},"end":{"line":26,"column":5}},"15":{"start":{"line":25,"column":6},"end":{"line":25,"column":19}},"16":{"start":{"line":27,"column":4},"end":{"line":29,"column":5}},"17":{"start":{"line":28,"column":6},"end":{"line":28,"column":19}},"18":{"start":{"line":30,"column":4},"end":{"line":32,"column":5}},"19":{"start":{"line":31,"column":6},"end":{"line":31,"column":19}},"20":{"start":{"line":34,"column":2},"end":{"line":36,"column":3}},"21":{"start":{"line":35,"column":4},"end":{"line":35,"column":16}},"22":{"start":{"line":41,"column":0},"end":{"line":41,"column":40}}},"fnMap":{"0":{"name":"(anonymous_0)","decl":{"start":{"line":5,"column":31},"end":{"line":5,"column":32}},"loc":{"start":{"line":5,"column":43},"end":{"line":39,"column":1}},"line":5}},"branchMap":{"0":{"loc":{"start":{"line":8,"column":2},"end":{"line":10,"column":3}},"type":"if","locations":[{"start":{"line":8,"column":2},"end":{"line":10,"column":3}},{"start":{"line":8,"column":2},"end":{"line":10,"column":3}}],"line":8},"1":{"loc":{"start":{"line":14,"column":4},"end":{"line":16,"column":5}},"type":"if","locations":[{"start":{"line":14,"column":4},"end":{"line":16,"column":5}},{"start":{"line":14,"column":4},"end":{"line":16,"column":5}}],"line":14},"2":{"loc":{"start":{"line":14,"column":8},"end":{"line":14,"column":52}},"type":"binary-expr","locations":[{"start":{"line":14,"column":8},"end":{"line":14,"column":20}},{"start":{"line":14,"column":24},"end":{"line":14,"column":36}},{"start":{"line":14,"column":40},"end":{"line":14,"column":52}}],"line":14},"3":{"loc":{"start":{"line":17,"column":4},"end":{"line":33,"column":3}},"type":"if","locations":[{"start":{"line":17,"column":4},"end":{"line":33,"column":3}},{"start":{"line":17,"column":4},"end":{"line":33,"column":3}}],"line":17},"4":{"loc":{"start":{"line":17,"column":8},"end":{"line":17,"column":52}},"type":"binary-expr","locations":[{"start":{"line":17,"column":8},"end":{"line":17,"column":20}},{"start":{"line":17,"column":24},"end":{"line":17,"column":36}},{"start":{"line":17,"column":40},"end":{"line":17,"column":52}}],"line":17},"5":{"loc":{"start":{"line":19,"column":6},"end":{"line":23,"column":5}},"type":"if","locations":[{"start":{"line":19,"column":6},"end":{"line":23,"column":5}},{"start":{"line":19,"column":6},"end":{"line":23,"column":5}}],"line":19},"6":{"loc":{"start":{"line":24,"column":4},"end":{"line":26,"column":5}},"type":"if","locations":[{"start":{"line":24,"column":4},"end":{"line":26,"column":5}},{"start":{"line":24,"column":4},"end":{"line":26,"column":5}}],"line":24},"7":{"loc":{"start":{"line":24,"column":8},"end":{"line":24,"column":42}},"type":"binary-expr","locations":[{"start":{"line":24,"column":8},"end":{"line":24,"column":26}},{"start":{"line":24,"column":30},"end":{"line":24,"column":42}}],"line":24},"8":{"loc":{"start":{"line":27,"column":4},"end":{"line":29,"column":5}},"type":"if","locations":[{"start":{"line":27,"column":4},"end":{"line":29,"column":5}},{"start":{"line":27,"column":4},"end":{"line":29,"column":5}}],"line":27},"9":{"loc":{"start":{"line":27,"column":8},"end":{"line":27,"column":41}},"type":"binary-expr","locations":[{"start":{"line":27,"column":8},"end":{"line":27,"column":25}},{"start":{"line":27,"column":29},"end":{"line":27,"column":41}}],"line":27},"10":{"loc":{"start":{"line":30,"column":4},"end":{"line":32,"column":5}},"type":"if","locations":[{"start":{"line":30,"column":4},"end":{"line":32,"column":5}},{"start":{"line":30,"column":4},"end":{"line":32,"column":5}}],"line":30},"11":{"loc":{"start":{"line":30,"column":8},"end":{"line":30,"column":41}},"type":"binary-expr","locations":[{"start":{"line":30,"column":8},"end":{"line":30,"column":25}},{"start":{"line":30,"column":29},"end":{"line":30,"column":41}}],"line":30},"12":{"loc":{"start":{"line":34,"column":2},"end":{"line":36,"column":3}},"type":"if","locations":[{"start":{"line":34,"column":2},"end":{"line":36,"column":3}},{"start":{"line":34,"column":2},"end":{"line":36,"column":3}}],"line":34}},"s":{"0":1,"1":1,"2":2,"3":2,"4":0,"5":2,"6":2,"7":9,"8":9,"9":5,"10":9,"11":4,"12":4,"13":0,"14":4,"15":1,"16":3,"17":0,"18":3,"19":0,"20":8,"21":1,"22":1},"f":{"0":2},"b":{"0":[0,2],"1":[5,4],"2":[9,7,5],"3":[4,5],"4":[9,8,7],"5":[4,0],"6":[1,3],"7":[4,2],"8":[0,3],"9":[3,1],"10":[0,3],"11":[3,1],"12":[1,7]},"_coverageSchema":"43e27e138ebf9cfc5966b082cf9a028302ed4184","hash":"34156bba0c7af00119f2948ee8bebb8665e04f22"}
,"/mnt/c/Users/gina/codefellows/401/data-structures-and-algorithms/challenges/challenge-17-find-binary-tree-leaves/challenge-17-find-binary-tree-leaves.js": {"path":"/mnt/c/Users/gina/codefellows/401/data-structures-and-algorithms/challenges/challenge-17-find-binary-tree-leaves/challenge-17-find-binary-tree-leaves.js","statementMap":{"0":{"start":{"line":5,"column":4},"end":{"line":5,"column":23}},"1":{"start":{"line":6,"column":4},"end":{"line":6,"column":22}},"2":{"start":{"line":7,"column":4},"end":{"line":7,"column":21}},"3":{"start":{"line":13,"column":4},"end":{"line":13,"column":21}},"4":{"start":{"line":17,"column":28},"end":{"line":31,"column":1}},"5":{"start":{"line":18,"column":2},"end":{"line":20,"column":3}},"6":{"start":{"line":19,"column":4},"end":{"line":19,"column":11}},"7":{"start":{"line":21,"column":2},"end":{"line":23,"column":3}},"8":{"start":{"line":22,"column":4},"end":{"line":22,"column":31}},"9":{"start":{"line":24,"column":2},"end":{"line":26,"column":3}},"10":{"start":{"line":25,"column":4},"end":{"line":25,"column":46}},"11":{"start":{"line":27,"column":2},"end":{"line":29,"column":3}},"12":{"start":{"line":28,"column":4},"end":{"line":28,"column":47}},"13":{"start":{"line":30,"column":2},"end":{"line":30,"column":19}},"14":{"start":{"line":32,"column":0},"end":{"line":32,"column":37}}},"fnMap":{"0":{"name":"(anonymous_0)","decl":{"start":{"line":4,"column":2},"end":{"line":4,"column":3}},"loc":{"start":{"line":4,"column":21},"end":{"line":8,"column":3}},"line":4},"1":{"name":"(anonymous_1)","decl":{"start":{"line":12,"column":2},"end":{"line":12,"column":3}},"loc":{"start":{"line":12,"column":16},"end":{"line":14,"column":3}},"line":12},"2":{"name":"(anonymous_2)","decl":{"start":{"line":17,"column":28},"end":{"line":17,"column":29}},"loc":{"start":{"line":17,"column":54},"end":{"line":31,"column":1}},"line":17}},"branchMap":{"0":{"loc":{"start":{"line":17,"column":35},"end":{"line":17,"column":49}},"type":"default-arg","locations":[{"start":{"line":17,"column":47},"end":{"line":17,"column":49}}],"line":17},"1":{"loc":{"start":{"line":18,"column":2},"end":{"line":20,"column":3}},"type":"if","locations":[{"start":{"line":18,"column":2},"end":{"line":20,"column":3}},{"start":{"line":18,"column":2},"end":{"line":20,"column":3}}],"line":18},"2":{"loc":{"start":{"line":21,"column":2},"end":{"line":23,"column":3}},"type":"if","locations":[{"start":{"line":21,"column":2},"end":{"line":23,"column":3}},{"start":{"line":21,"column":2},"end":{"line":23,"column":3}}],"line":21},"3":{"loc":{"start":{"line":21,"column":5},"end":{"line":21,"column":30}},"type":"binary-expr","locations":[{"start":{"line":21,"column":5},"end":{"line":21,"column":15}},{"start":{"line":21,"column":19},"end":{"line":21,"column":30}}],"line":21},"4":{"loc":{"start":{"line":24,"column":2},"end":{"line":26,"column":3}},"type":"if","locations":[{"start":{"line":24,"column":2},"end":{"line":26,"column":3}},{"start":{"line":24,"column":2},"end":{"line":26,"column":3}}],"line":24},"5":{"loc":{"start":{"line":27,"column":2},"end":{"line":29,"column":3}},"type":"if","locations":[{"start":{"line":27,"column":2},"end":{"line":29,"column":3}},{"start":{"line":27,"column":2},"end":{"line":29,"column":3}}],"line":27}},"s":{"0":0,"1":0,"2":0,"3":0,"4":1,"5":9,"6":0,"7":9,"8":5,"9":9,"10":3,"11":9,"12":4,"13":9,"14":1},"f":{"0":0,"1":0,"2":9},"b":{"0":[2],"1":[0,9],"2":[5,4],"3":[9,6],"4":[3,6],"5":[4,5]},"_coverageSchema":"43e27e138ebf9cfc5966b082cf9a028302ed4184","hash":"570fb9ecb89e32f04e3c33c3dbea291e1254705d"}
,"/mnt/c/Users/gina/codefellows/401/data-structures-and-algorithms/challenges/challenge-18-binary-tree-path-length/challenge-18-binary-tree-path-length.js": {"path":"/mnt/c/Users/gina/codefellows/401/data-structures-and-algorithms/challenges/challenge-18-binary-tree-path-length/challenge-18-binary-tree-path-length.js","statementMap":{"0":{"start":{"line":5,"column":6},"end":{"line":5,"column":25}},"1":{"start":{"line":6,"column":6},"end":{"line":6,"column":24}},"2":{"start":{"line":7,"column":6},"end":{"line":7,"column":23}},"3":{"start":{"line":13,"column":6},"end":{"line":13,"column":23}},"4":{"start":{"line":18,"column":30},"end":{"line":27,"column":3}},"5":{"start":{"line":19,"column":4},"end":{"line":21,"column":5}},"6":{"start":{"line":20,"column":8},"end":{"line":20,"column":20}},"7":{"start":{"line":22,"column":4},"end":{"line":26,"column":5}},"8":{"start":{"line":23,"column":8},"end":{"line":23,"column":26}},"9":{"start":{"line":25,"column":8},"end":{"line":25,"column":143}},"10":{"start":{"line":29,"column":0},"end":{"line":29,"column":37}}},"fnMap":{"0":{"name":"(anonymous_0)","decl":{"start":{"line":4,"column":4},"end":{"line":4,"column":5}},"loc":{"start":{"line":4,"column":23},"end":{"line":8,"column":5}},"line":4},"1":{"name":"(anonymous_1)","decl":{"start":{"line":12,"column":4},"end":{"line":12,"column":5}},"loc":{"start":{"line":12,"column":18},"end":{"line":14,"column":5}},"line":12},"2":{"name":"(anonymous_2)","decl":{"start":{"line":18,"column":30},"end":{"line":18,"column":31}},"loc":{"start":{"line":18,"column":67},"end":{"line":27,"column":3}},"line":18}},"branchMap":{"0":{"loc":{"start":{"line":19,"column":4},"end":{"line":21,"column":5}},"type":"if","locations":[{"start":{"line":19,"column":4},"end":{"line":21,"column":5}},{"start":{"line":19,"column":4},"end":{"line":21,"column":5}}],"line":19},"1":{"loc":{"start":{"line":22,"column":4},"end":{"line":26,"column":5}},"type":"if","locations":[{"start":{"line":22,"column":4},"end":{"line":26,"column":5}},{"start":{"line":22,"column":4},"end":{"line":26,"column":5}}],"line":22},"2":{"loc":{"start":{"line":25,"column":15},"end":{"line":25,"column":142}},"type":"binary-expr","locations":[{"start":{"line":25,"column":15},"end":{"line":25,"column":76}},{"start":{"line":25,"column":80},"end":{"line":25,"column":142}}],"line":25}},"s":{"0":0,"1":0,"2":0,"3":0,"4":1,"5":12,"6":5,"7":7,"8":1,"9":6,"10":1},"f":{"0":0,"1":0,"2":12},"b":{"0":[5,7],"1":[1,6],"2":[6,5]},"_coverageSchema":"43e27e138ebf9cfc5966b082cf9a028302ed4184","hash":"961271ed9fa52ce2f9aae5081a063f7955cc6f53"}
}
