{"/mnt/c/Users/gina/codefellows/401/data-structures-and-algorithms/challenges/challenge-05-linked-list/challenge-05-linked-list.js": {"path":"/mnt/c/Users/gina/codefellows/401/data-structures-and-algorithms/challenges/challenge-05-linked-list/challenge-05-linked-list.js","statementMap":{"0":{"start":{"line":5,"column":4},"end":{"line":5,"column":23}},"1":{"start":{"line":6,"column":4},"end":{"line":6,"column":21}},"2":{"start":{"line":12,"column":4},"end":{"line":12,"column":21}},"3":{"start":{"line":16,"column":18},"end":{"line":16,"column":33}},"4":{"start":{"line":17,"column":4},"end":{"line":22,"column":5}},"5":{"start":{"line":18,"column":6},"end":{"line":18,"column":26}},"6":{"start":{"line":20,"column":6},"end":{"line":20,"column":31}},"7":{"start":{"line":21,"column":6},"end":{"line":21,"column":26}},"8":{"start":{"line":26,"column":18},"end":{"line":26,"column":27}},"9":{"start":{"line":27,"column":4},"end":{"line":32,"column":5}},"10":{"start":{"line":28,"column":6},"end":{"line":30,"column":7}},"11":{"start":{"line":29,"column":8},"end":{"line":29,"column":20}},"12":{"start":{"line":31,"column":6},"end":{"line":31,"column":29}},"13":{"start":{"line":33,"column":4},"end":{"line":33,"column":17}},"14":{"start":{"line":37,"column":18},"end":{"line":37,"column":27}},"15":{"start":{"line":38,"column":19},"end":{"line":38,"column":21}},"16":{"start":{"line":39,"column":4},"end":{"line":42,"column":5}},"17":{"start":{"line":40,"column":6},"end":{"line":40,"column":50}},"18":{"start":{"line":41,"column":6},"end":{"line":41,"column":30}},"19":{"start":{"line":43,"column":4},"end":{"line":43,"column":20}},"20":{"start":{"line":49,"column":18},"end":{"line":49,"column":33}},"21":{"start":{"line":51,"column":4},"end":{"line":60,"column":5}},"22":{"start":{"line":52,"column":6},"end":{"line":52,"column":26}},"23":{"start":{"line":53,"column":6},"end":{"line":53,"column":23}},"24":{"start":{"line":55,"column":20},"end":{"line":55,"column":29}},"25":{"start":{"line":56,"column":6},"end":{"line":58,"column":7}},"26":{"start":{"line":57,"column":8},"end":{"line":57,"column":31}},"27":{"start":{"line":59,"column":6},"end":{"line":59,"column":29}},"28":{"start":{"line":61,"column":4},"end":{"line":61,"column":21}},"29":{"start":{"line":65,"column":18},"end":{"line":65,"column":34}},"30":{"start":{"line":66,"column":18},"end":{"line":66,"column":27}},"31":{"start":{"line":68,"column":4},"end":{"line":86,"column":5}},"32":{"start":{"line":69,"column":6},"end":{"line":69,"column":26}},"33":{"start":{"line":70,"column":6},"end":{"line":70,"column":23}},"34":{"start":{"line":72,"column":6},"end":{"line":75,"column":7}},"35":{"start":{"line":73,"column":8},"end":{"line":73,"column":33}},"36":{"start":{"line":74,"column":8},"end":{"line":74,"column":28}},"37":{"start":{"line":76,"column":6},"end":{"line":85,"column":7}},"38":{"start":{"line":77,"column":8},"end":{"line":83,"column":9}},"39":{"start":{"line":78,"column":10},"end":{"line":78,"column":40}},"40":{"start":{"line":79,"column":15},"end":{"line":83,"column":9}},"41":{"start":{"line":80,"column":10},"end":{"line":80,"column":38}},"42":{"start":{"line":81,"column":10},"end":{"line":81,"column":33}},"43":{"start":{"line":82,"column":10},"end":{"line":82,"column":17}},"44":{"start":{"line":84,"column":8},"end":{"line":84,"column":31}},"45":{"start":{"line":90,"column":18},"end":{"line":90,"column":34}},"46":{"start":{"line":91,"column":18},"end":{"line":91,"column":27}},"47":{"start":{"line":93,"column":4},"end":{"line":96,"column":5}},"48":{"start":{"line":94,"column":6},"end":{"line":94,"column":26}},"49":{"start":{"line":95,"column":6},"end":{"line":95,"column":23}},"50":{"start":{"line":98,"column":4},"end":{"line":105,"column":5}},"51":{"start":{"line":99,"column":6},"end":{"line":103,"column":7}},"52":{"start":{"line":100,"column":8},"end":{"line":100,"column":36}},"53":{"start":{"line":101,"column":8},"end":{"line":101,"column":31}},"54":{"start":{"line":102,"column":8},"end":{"line":102,"column":15}},"55":{"start":{"line":104,"column":6},"end":{"line":104,"column":29}},"56":{"start":{"line":110,"column":18},"end":{"line":110,"column":27}},"57":{"start":{"line":111,"column":20},"end":{"line":111,"column":29}},"58":{"start":{"line":112,"column":16},"end":{"line":112,"column":17}},"59":{"start":{"line":114,"column":4},"end":{"line":116,"column":5}},"60":{"start":{"line":115,"column":6},"end":{"line":115,"column":21}},"61":{"start":{"line":118,"column":4},"end":{"line":120,"column":5}},"62":{"start":{"line":119,"column":6},"end":{"line":119,"column":38}},"63":{"start":{"line":122,"column":4},"end":{"line":140,"column":5}},"64":{"start":{"line":123,"column":6},"end":{"line":129,"column":7}},"65":{"start":{"line":124,"column":8},"end":{"line":126,"column":9}},"66":{"start":{"line":125,"column":10},"end":{"line":125,"column":39}},"67":{"start":{"line":127,"column":8},"end":{"line":127,"column":35}},"68":{"start":{"line":128,"column":8},"end":{"line":128,"column":17}},"69":{"start":{"line":131,"column":6},"end":{"line":134,"column":7}},"70":{"start":{"line":132,"column":8},"end":{"line":132,"column":31}},"71":{"start":{"line":133,"column":8},"end":{"line":133,"column":35}},"72":{"start":{"line":135,"column":6},"end":{"line":135,"column":27}},"73":{"start":{"line":145,"column":0},"end":{"line":145,"column":28}}},"fnMap":{"0":{"name":"(anonymous_0)","decl":{"start":{"line":4,"column":2},"end":{"line":4,"column":3}},"loc":{"start":{"line":4,"column":21},"end":{"line":7,"column":3}},"line":4},"1":{"name":"(anonymous_1)","decl":{"start":{"line":11,"column":2},"end":{"line":11,"column":3}},"loc":{"start":{"line":11,"column":16},"end":{"line":13,"column":3}},"line":11},"2":{"name":"(anonymous_2)","decl":{"start":{"line":15,"column":2},"end":{"line":15,"column":3}},"loc":{"start":{"line":15,"column":16},"end":{"line":23,"column":3}},"line":15},"3":{"name":"(anonymous_3)","decl":{"start":{"line":25,"column":2},"end":{"line":25,"column":3}},"loc":{"start":{"line":25,"column":18},"end":{"line":34,"column":3}},"line":25},"4":{"name":"(anonymous_4)","decl":{"start":{"line":36,"column":2},"end":{"line":36,"column":3}},"loc":{"start":{"line":36,"column":13},"end":{"line":44,"column":3}},"line":36},"5":{"name":"(anonymous_5)","decl":{"start":{"line":48,"column":2},"end":{"line":48,"column":3}},"loc":{"start":{"line":48,"column":16},"end":{"line":62,"column":3}},"line":48},"6":{"name":"(anonymous_6)","decl":{"start":{"line":64,"column":2},"end":{"line":64,"column":3}},"loc":{"start":{"line":64,"column":30},"end":{"line":87,"column":3}},"line":64},"7":{"name":"(anonymous_7)","decl":{"start":{"line":89,"column":2},"end":{"line":89,"column":3}},"loc":{"start":{"line":89,"column":29},"end":{"line":106,"column":3}},"line":89},"8":{"name":"(anonymous_8)","decl":{"start":{"line":109,"column":2},"end":{"line":109,"column":3}},"loc":{"start":{"line":109,"column":16},"end":{"line":141,"column":3}},"line":109}},"branchMap":{"0":{"loc":{"start":{"line":17,"column":4},"end":{"line":22,"column":5}},"type":"if","locations":[{"start":{"line":17,"column":4},"end":{"line":22,"column":5}},{"start":{"line":17,"column":4},"end":{"line":22,"column":5}}],"line":17},"1":{"loc":{"start":{"line":28,"column":6},"end":{"line":30,"column":7}},"type":"if","locations":[{"start":{"line":28,"column":6},"end":{"line":30,"column":7}},{"start":{"line":28,"column":6},"end":{"line":30,"column":7}}],"line":28},"2":{"loc":{"start":{"line":51,"column":4},"end":{"line":60,"column":5}},"type":"if","locations":[{"start":{"line":51,"column":4},"end":{"line":60,"column":5}},{"start":{"line":51,"column":4},"end":{"line":60,"column":5}}],"line":51},"3":{"loc":{"start":{"line":68,"column":4},"end":{"line":86,"column":5}},"type":"if","locations":[{"start":{"line":68,"column":4},"end":{"line":86,"column":5}},{"start":{"line":68,"column":4},"end":{"line":86,"column":5}}],"line":68},"4":{"loc":{"start":{"line":72,"column":6},"end":{"line":75,"column":7}},"type":"if","locations":[{"start":{"line":72,"column":6},"end":{"line":75,"column":7}},{"start":{"line":72,"column":6},"end":{"line":75,"column":7}}],"line":72},"5":{"loc":{"start":{"line":77,"column":8},"end":{"line":83,"column":9}},"type":"if","locations":[{"start":{"line":77,"column":8},"end":{"line":83,"column":9}},{"start":{"line":77,"column":8},"end":{"line":83,"column":9}}],"line":77},"6":{"loc":{"start":{"line":79,"column":15},"end":{"line":83,"column":9}},"type":"if","locations":[{"start":{"line":79,"column":15},"end":{"line":83,"column":9}},{"start":{"line":79,"column":15},"end":{"line":83,"column":9}}],"line":79},"7":{"loc":{"start":{"line":93,"column":4},"end":{"line":96,"column":5}},"type":"if","locations":[{"start":{"line":93,"column":4},"end":{"line":96,"column":5}},{"start":{"line":93,"column":4},"end":{"line":96,"column":5}}],"line":93},"8":{"loc":{"start":{"line":99,"column":6},"end":{"line":103,"column":7}},"type":"if","locations":[{"start":{"line":99,"column":6},"end":{"line":103,"column":7}},{"start":{"line":99,"column":6},"end":{"line":103,"column":7}}],"line":99},"9":{"loc":{"start":{"line":114,"column":4},"end":{"line":116,"column":5}},"type":"if","locations":[{"start":{"line":114,"column":4},"end":{"line":116,"column":5}},{"start":{"line":114,"column":4},"end":{"line":116,"column":5}}],"line":114},"10":{"loc":{"start":{"line":118,"column":4},"end":{"line":120,"column":5}},"type":"if","locations":[{"start":{"line":118,"column":4},"end":{"line":120,"column":5}},{"start":{"line":118,"column":4},"end":{"line":120,"column":5}}],"line":118},"11":{"loc":{"start":{"line":122,"column":4},"end":{"line":140,"column":5}},"type":"if","locations":[{"start":{"line":122,"column":4},"end":{"line":140,"column":5}},{"start":{"line":122,"column":4},"end":{"line":140,"column":5}}],"line":122},"12":{"loc":{"start":{"line":124,"column":8},"end":{"line":126,"column":9}},"type":"if","locations":[{"start":{"line":124,"column":8},"end":{"line":126,"column":9}},{"start":{"line":124,"column":8},"end":{"line":126,"column":9}}],"line":124}},"s":{"0":34,"1":34,"2":12,"3":29,"4":29,"5":11,"6":18,"7":18,"8":2,"9":2,"10":5,"11":1,"12":4,"13":1,"14":5,"15":5,"16":5,"17":19,"18":19,"19":5,"20":3,"21":3,"22":0,"23":0,"24":3,"25":3,"26":6,"27":3,"28":3,"29":1,"30":1,"31":1,"32":0,"33":0,"34":1,"35":0,"36":0,"37":1,"38":1,"39":0,"40":1,"41":1,"42":1,"43":1,"44":0,"45":1,"46":1,"47":1,"48":0,"49":0,"50":1,"51":2,"52":1,"53":1,"54":1,"55":1,"56":4,"57":4,"58":4,"59":4,"60":1,"61":3,"62":1,"63":2,"64":2,"65":10,"66":1,"67":9,"68":9,"69":1,"70":3,"71":3,"72":1,"73":1},"f":{"0":34,"1":12,"2":29,"3":2,"4":5,"5":3,"6":1,"7":1,"8":4},"b":{"0":[11,18],"1":[1,4],"2":[0,3],"3":[0,1],"4":[0,1],"5":[0,1],"6":[1,0],"7":[0,1],"8":[1,1],"9":[1,3],"10":[1,2],"11":[2,0],"12":[1,9]},"_coverageSchema":"43e27e138ebf9cfc5966b082cf9a028302ed4184","hash":"82195a69482b03f202a727630d9c89a06f623f50"}
}
