TN:
SF:/mnt/c/Users/gina/codefellows/401/data-structures-and-algorithms/challenges/challenge-05-linked-list/challenge-05-linked-list.js
FN:4,(anonymous_0)
FN:11,(anonymous_1)
FN:15,(anonymous_2)
FN:25,(anonymous_3)
FN:44,(anonymous_4)
FN:55,(anonymous_5)
FN:67,(anonymous_6)
FN:83,(anonymous_7)
FN:108,(anonymous_8)
FN:128,(anonymous_9)
FNF:10
FNH:9
FNDA:34,(anonymous_0)
FNDA:12,(anonymous_1)
FNDA:29,(anonymous_2)
FNDA:0,(anonymous_3)
FNDA:2,(anonymous_4)
FNDA:5,(anonymous_5)
FNDA:3,(anonymous_6)
FNDA:1,(anonymous_7)
FNDA:1,(anonymous_8)
FNDA:4,(anonymous_9)
DA:5,34
DA:6,34
DA:12,12
DA:16,29
DA:17,29
DA:18,11
DA:20,18
DA:21,18
DA:26,0
DA:27,0
DA:29,0
DA:30,0
DA:31,0
DA:34,0
DA:35,0
DA:37,0
DA:38,0
DA:39,0
DA:41,0
DA:45,2
DA:46,2
DA:47,5
DA:48,1
DA:50,4
DA:52,1
DA:56,5
DA:57,5
DA:58,5
DA:59,19
DA:60,19
DA:62,5
DA:68,3
DA:70,3
DA:71,0
DA:72,0
DA:74,3
DA:75,3
DA:76,6
DA:78,3
DA:80,3
DA:84,1
DA:85,1
DA:87,1
DA:88,0
DA:89,0
DA:91,1
DA:92,0
DA:93,0
DA:95,1
DA:96,1
DA:97,0
DA:98,1
DA:99,1
DA:100,1
DA:101,1
DA:103,0
DA:109,1
DA:110,1
DA:112,1
DA:113,0
DA:114,0
DA:117,1
DA:118,2
DA:119,1
DA:120,1
DA:121,1
DA:123,1
DA:129,4
DA:130,4
DA:131,4
DA:133,4
DA:134,1
DA:137,3
DA:138,1
DA:141,2
DA:142,2
DA:143,10
DA:144,1
DA:146,9
DA:147,9
DA:150,1
DA:151,3
DA:152,3
DA:154,1
DA:164,2
LF:85
LH:64
BRDA:17,0,0,11
BRDA:17,0,1,18
BRDA:26,1,0,0
BRDA:26,1,1,0
BRDA:29,2,0,0
BRDA:29,2,1,0
BRDA:47,3,0,1
BRDA:47,3,1,4
BRDA:70,4,0,0
BRDA:70,4,1,3
BRDA:87,5,0,0
BRDA:87,5,1,1
BRDA:91,6,0,0
BRDA:91,6,1,1
BRDA:96,7,0,0
BRDA:96,7,1,1
BRDA:98,8,0,1
BRDA:98,8,1,0
BRDA:112,9,0,0
BRDA:112,9,1,1
BRDA:118,10,0,1
BRDA:118,10,1,1
BRDA:133,11,0,1
BRDA:133,11,1,3
BRDA:137,12,0,1
BRDA:137,12,1,2
BRDA:141,13,0,2
BRDA:141,13,1,0
BRDA:143,14,0,1
BRDA:143,14,1,9
BRF:30
BRH:19
end_of_record
TN:
SF:/mnt/c/Users/gina/codefellows/401/data-structures-and-algorithms/challenges/challenge-10-stacks-and-queues/challenge-10-stacks-and-queues.js
FN:4,(anonymous_0)
FN:11,(anonymous_1)
FN:15,(anonymous_2)
FN:27,(anonymous_3)
FN:38,(anonymous_4)
FN:49,(anonymous_5)
FN:54,(anonymous_6)
FN:66,(anonymous_7)
FN:76,(anonymous_8)
FNF:9
FNH:9
FNDA:41,(anonymous_0)
FNDA:10,(anonymous_1)
FNDA:28,(anonymous_2)
FNDA:13,(anonymous_3)
FNDA:5,(anonymous_4)
FNDA:6,(anonymous_5)
FNDA:13,(anonymous_6)
FNDA:4,(anonymous_7)
FNDA:1,(anonymous_8)
DA:5,41
DA:6,41
DA:12,10
DA:16,28
DA:17,28
DA:18,19
DA:19,19
DA:22,9
DA:24,28
DA:28,13
DA:29,13
DA:30,13
DA:31,13
DA:34,0
DA:39,5
DA:40,5
DA:41,5
DA:43,0
DA:50,6
DA:51,6
DA:55,13
DA:56,13
DA:57,8
DA:58,8
DA:61,5
DA:62,5
DA:67,4
DA:68,4
DA:69,4
DA:70,4
DA:72,0
DA:77,1
DA:78,1
DA:79,1
DA:81,0
DA:86,3
LF:36
LH:32
BRDA:17,0,0,19
BRDA:17,0,1,9
BRDA:28,1,0,13
BRDA:28,1,1,0
BRDA:39,2,0,5
BRDA:39,2,1,0
BRDA:56,3,0,8
BRDA:56,3,1,5
BRDA:68,4,0,4
BRDA:68,4,1,0
BRDA:77,5,0,1
BRDA:77,5,1,0
BRF:12
BRH:8
end_of_record
TN:
SF:/mnt/c/Users/gina/codefellows/401/data-structures-and-algorithms/challenges/challenge-11-queue-with-stacks/challenge-11-queue-with-stacks.js
FN:7,(anonymous_0)
FN:12,(anonymous_1)
FN:21,(anonymous_2)
FNF:3
FNH:3
FNDA:1,(anonymous_0)
FNDA:5,(anonymous_1)
FNDA:5,(anonymous_2)
DA:3,1
DA:4,1
DA:8,1
DA:9,1
DA:13,5
DA:14,5
DA:15,5
DA:17,0
DA:23,5
DA:24,5
DA:25,5
DA:26,5
DA:28,5
DA:32,1
LF:14
LH:13
BRDA:13,0,0,5
BRDA:13,0,1,0
BRF:2
BRH:1
end_of_record
TN:
SF:/mnt/c/Users/gina/codefellows/401/data-structures-and-algorithms/challenges/challenge-13-multibracket-validation/challenge-13-multibracket-validation.js
FN:5,(anonymous_0)
FNF:1
FNH:1
FNDA:2,(anonymous_0)
DA:3,1
DA:5,1
DA:6,2
DA:8,2
DA:9,0
DA:12,2
DA:13,9
DA:14,9
DA:15,5
DA:17,9
DA:19,4
DA:20,4
DA:22,0
DA:24,4
DA:25,1
DA:27,3
DA:28,0
DA:30,3
DA:31,0
DA:34,8
DA:35,1
DA:41,1
LF:22
LH:18
BRDA:8,0,0,0
BRDA:8,0,1,2
BRDA:14,1,0,5
BRDA:14,1,1,4
BRDA:14,2,0,9
BRDA:14,2,1,7
BRDA:14,2,2,5
BRDA:17,3,0,4
BRDA:17,3,1,5
BRDA:17,4,0,9
BRDA:17,4,1,8
BRDA:17,4,2,7
BRDA:19,5,0,4
BRDA:19,5,1,0
BRDA:24,6,0,1
BRDA:24,6,1,3
BRDA:24,7,0,4
BRDA:24,7,1,2
BRDA:27,8,0,0
BRDA:27,8,1,3
BRDA:27,9,0,3
BRDA:27,9,1,1
BRDA:30,10,0,0
BRDA:30,10,1,3
BRDA:30,11,0,3
BRDA:30,11,1,1
BRDA:34,12,0,1
BRDA:34,12,1,7
BRF:28
BRH:24
end_of_record
TN:
SF:/mnt/c/Users/gina/codefellows/401/data-structures-and-algorithms/challenges/challenge-17-find-binary-tree-leaves/challenge-17-find-binary-tree-leaves.js
FN:4,(anonymous_0)
FN:12,(anonymous_1)
FN:17,(anonymous_2)
FNF:3
FNH:1
FNDA:0,(anonymous_0)
FNDA:0,(anonymous_1)
FNDA:9,(anonymous_2)
DA:5,0
DA:6,0
DA:7,0
DA:13,0
DA:17,1
DA:18,9
DA:19,0
DA:21,9
DA:22,5
DA:24,9
DA:25,3
DA:27,9
DA:28,4
DA:30,9
DA:32,1
LF:15
LH:10
BRDA:17,0,0,2
BRDA:18,1,0,0
BRDA:18,1,1,9
BRDA:21,2,0,5
BRDA:21,2,1,4
BRDA:21,3,0,9
BRDA:21,3,1,6
BRDA:24,4,0,3
BRDA:24,4,1,6
BRDA:27,5,0,4
BRDA:27,5,1,5
BRF:11
BRH:10
end_of_record
TN:
SF:/mnt/c/Users/gina/codefellows/401/data-structures-and-algorithms/challenges/challenge-18-binary-tree-path-length/challenge-18-binary-tree-path-length.js
FN:4,(anonymous_0)
FN:12,(anonymous_1)
FN:18,(anonymous_2)
FNF:3
FNH:1
FNDA:0,(anonymous_0)
FNDA:0,(anonymous_1)
FNDA:12,(anonymous_2)
DA:5,0
DA:6,0
DA:7,0
DA:13,0
DA:18,1
DA:19,12
DA:20,5
DA:22,7
DA:23,1
DA:25,6
DA:29,1
LF:11
LH:7
BRDA:19,0,0,5
BRDA:19,0,1,7
BRDA:22,1,0,1
BRDA:22,1,1,6
BRDA:25,2,0,6
BRDA:25,2,1,5
BRF:6
BRH:6
end_of_record
