TN:
SF:/mnt/c/Users/gina/codefellows/401/data-structures-and-algorithms/challenges/challenge-05-linked-list/challenge-05-linked-list.js
FN:4,(anonymous_0)
FN:11,(anonymous_1)
FN:15,(anonymous_2)
FN:25,(anonymous_3)
FN:36,(anonymous_4)
FN:46,(anonymous_5)
FN:62,(anonymous_6)
FN:87,(anonymous_7)
FNF:8
FNH:8
FNDA:33,(anonymous_0)
FNDA:12,(anonymous_1)
FNDA:26,(anonymous_2)
FNDA:2,(anonymous_3)
FNDA:7,(anonymous_4)
FNDA:3,(anonymous_5)
FNDA:3,(anonymous_6)
FNDA:1,(anonymous_7)
DA:5,33
DA:6,33
DA:12,12
DA:16,26
DA:17,26
DA:18,11
DA:20,15
DA:21,15
DA:26,2
DA:27,2
DA:28,5
DA:29,1
DA:31,4
DA:33,1
DA:37,7
DA:38,7
DA:39,7
DA:40,24
DA:41,24
DA:43,7
DA:47,3
DA:49,3
DA:50,0
DA:51,0
DA:53,3
DA:54,3
DA:55,6
DA:57,3
DA:59,3
DA:63,3
DA:64,3
DA:66,3
DA:67,0
DA:68,0
DA:70,3
DA:71,0
DA:72,0
DA:74,3
DA:75,4
DA:76,1
DA:77,3
DA:78,2
DA:79,2
DA:80,2
DA:82,1
DA:88,1
DA:89,1
DA:91,1
DA:92,0
DA:93,0
DA:96,1
DA:97,2
DA:98,1
DA:99,1
DA:100,1
DA:102,1
DA:107,1
LF:57
LH:49
BRDA:17,0,0,11
BRDA:17,0,1,15
BRDA:28,1,0,1
BRDA:28,1,1,4
BRDA:49,2,0,0
BRDA:49,2,1,3
BRDA:66,3,0,0
BRDA:66,3,1,3
BRDA:70,4,0,0
BRDA:70,4,1,3
BRDA:75,5,0,1
BRDA:75,5,1,3
BRDA:77,6,0,2
BRDA:77,6,1,1
BRDA:91,7,0,0
BRDA:91,7,1,1
BRDA:97,8,0,1
BRDA:97,8,1,1
BRF:18
BRH:14
end_of_record
